0 info it worked if it ends with ok
1 verbose cli [ 'C:\\Program Files\\nodejs\\node.exe',
1 verbose cli   'C:\\Program Files\\nodejs\\node_modules\\npm\\bin\\npm-cli.js',
1 verbose cli   'start' ]
2 info using npm@3.10.10
3 info using node@v6.11.2
4 verbose run-script [ 'prestart', 'start', 'poststart' ]
5 info lifecycle agenda-contactos-angular@1.0.0~prestart: agenda-contactos-angular@1.0.0
6 silly lifecycle agenda-contactos-angular@1.0.0~prestart: no script for prestart, continuing
7 info lifecycle agenda-contactos-angular@1.0.0~start: agenda-contactos-angular@1.0.0
8 verbose lifecycle agenda-contactos-angular@1.0.0~start: unsafe-perm in lifecycle true
9 verbose lifecycle agenda-contactos-angular@1.0.0~start: PATH: C:\Program Files\nodejs\node_modules\npm\bin\node-gyp-bin;C:\Users\Fede\Desktop\UNSAM\JavaScript\plataforma-alpha\node_modules\.bin;C:\Program Files\Haskell\bin;C:\Program Files\Haskell Platform\8.2.2\lib\extralibs\bin;C:\Program Files\Haskell Platform\8.2.2\bin;C:\Program Files (x86)\Haskell\bin;C:\Program Files (x86)\Haskell Platform\2012.2.0.0\lib\extralibs\bin;C:\Program Files (x86)\Haskell Platform\2012.2.0.0\bin;C:\ProgramData\Oracle\Java\javapath;C:\WINDOWS\system32;C:\WINDOWS;C:\WINDOWS\System32\Wbem;C:\WINDOWS\System32\WindowsPowerShell\v1.0\;C:\Program Files\Git\cmd;C:\Program Files\nodejs\;C:\Program Files\Haskell Platform\8.2.2\mingw\bin;C:\WINDOWS\System32\OpenSSH\;C:\Users\Fede\AppData\Roaming\cabal\bin;C:\Users\Fede\AppData\Roaming\local\bin;C:\Program Files\Microsoft VS Code\bin;C:\Users\Fede\AppData\Roaming\npm;C:\Users\Fede\AppData\Local\Microsoft\WindowsApps;
10 verbose lifecycle agenda-contactos-angular@1.0.0~start: CWD: C:\Users\Fede\Desktop\UNSAM\JavaScript\plataforma-alpha
11 silly lifecycle agenda-contactos-angular@1.0.0~start: Args: [ '/d /s /c', 'http-server  -p 8000 -c-1' ]
12 verbose stack Error: kill ENOSYS
12 verbose stack     at exports._errnoException (util.js:1020:11)
12 verbose stack     at process.kill (internal/process.js:190:13)
12 verbose stack     at process.listener (C:\Program Files\nodejs\node_modules\npm\node_modules\npmlog\node_modules\gauge\node_modules\signal-exit\index.js:86:15)
12 verbose stack     at emitNone (events.js:91:20)
12 verbose stack     at process.emit (events.js:185:7)
12 verbose stack     at processEmit (C:\Program Files\nodejs\node_modules\npm\node_modules\npmlog\node_modules\gauge\node_modules\signal-exit\index.js:146:32)
12 verbose stack     at processEmit (C:\Program Files\nodejs\node_modules\npm\node_modules\npm-registry-client\node_modules\npmlog\node_modules\gauge\node_modules\signal-exit\index.js:146:32)
12 verbose stack     at Signal.wrap.onsignal (internal/process.js:217:44)
13 verbose cwd C:\Users\Fede\Desktop\UNSAM\JavaScript\plataforma-alpha
14 error Windows_NT 10.0.17134
15 error argv "C:\\Program Files\\nodejs\\node.exe" "C:\\Program Files\\nodejs\\node_modules\\npm\\bin\\npm-cli.js" "start"
16 error node v6.11.2
17 error npm  v3.10.10
18 error code ENOSYS
19 error errno ENOSYS
20 error syscall kill
21 error kill ENOSYS
22 error If you need help, you may report this error at:
22 error     <https://github.com/npm/npm/issues>
23 verbose exit [ 1, true ]
